<?xml version="1.0" encoding="UTF-8"?>
<testsuite name="APIAutomationFramework"
           tests="102"
           failures="0"
           errors="0"
           skipped="0"
           time="0.333">
    <properties></properties>



            <testcase
                name="testVWOLogin"
                time="0.001"
                classname="org.example.actions.DDTVWO.VwoLoginAPIDDT">
            </testcase>
            <testcase
                name="testVWOLogin"
                time="0.002"
                classname="org.example.actions.DDTVWO.VwoLoginAPIDDT">
            </testcase>
            <testcase
                name="testVWOLogin"
                time="0.005"
                classname="org.example.actions.DDTVWO.VwoLoginAPIDDT">
            </testcase>
            <testcase
                name="testVWOLogin"
                time="0.003"
                classname="org.example.actions.DDTVWO.VwoLoginAPIDDT">
            </testcase>
            <testcase
                name="testVWOLogin"
                time="0.002"
                classname="org.example.actions.DDTVWO.VwoLoginAPIDDT">
            </testcase>
            <testcase
                name="testVWOLogin"
                time="0.002"
                classname="org.example.actions.DDTVWO.VwoLoginAPIDDT">
            </testcase>
            <testcase
                name="testVWOLogin"
                time="0.002"
                classname="org.example.actions.DDTVWO.VwoLoginAPIDDT">
            </testcase>
            <testcase
                name="testVWOLogin"
                time="0.004"
                classname="org.example.actions.DDTVWO.VwoLoginAPIDDT">
            </testcase>
            <testcase
                name="testVWOLogin"
                time="0.002"
                classname="org.example.actions.DDTVWO.VwoLoginAPIDDT">
            </testcase>
            <testcase
                name="testVWOLogin"
                time="0.004"
                classname="org.example.actions.DDTVWO.VwoLoginAPIDDT">
            </testcase>
            <testcase
                name="testVWOLogin"
                time="0.001"
                classname="org.example.actions.DDTVWO.VwoLoginAPIDDT">
            </testcase>
            <testcase
                name="testVWOLogin"
                time="0.002"
                classname="org.example.actions.DDTVWO.VwoLoginAPIDDT">
            </testcase>
            <testcase
                name="testVWOLogin"
                time="0.001"
                classname="org.example.actions.DDTVWO.VwoLoginAPIDDT">
            </testcase>
            <testcase
                name="testVWOLogin"
                time="0.002"
                classname="org.example.actions.DDTVWO.VwoLoginAPIDDT">
            </testcase>
            <testcase
                name="testVWOLogin"
                time="0.003"
                classname="org.example.actions.DDTVWO.VwoLoginAPIDDT">
            </testcase>
            <testcase
                name="testVWOLogin"
                time="0.002"
                classname="org.example.actions.DDTVWO.VwoLoginAPIDDT">
            </testcase>
            <testcase
                name="testVWOLogin"
                time="0.003"
                classname="org.example.actions.DDTVWO.VwoLoginAPIDDT">
            </testcase>
            <testcase
                name="testVWOLogin"
                time="0.002"
                classname="org.example.actions.DDTVWO.VwoLoginAPIDDT">
            </testcase>
            <testcase
                name="testVWOLogin"
                time="0.004"
                classname="org.example.actions.DDTVWO.VwoLoginAPIDDT">
            </testcase>
            <testcase
                name="testVWOLogin"
                time="0.001"
                classname="org.example.actions.DDTVWO.VwoLoginAPIDDT">
            </testcase>
            <testcase
                name="testVWOLogin"
                time="0.004"
                classname="org.example.actions.DDTVWO.VwoLoginAPIDDT">
            </testcase>
            <testcase
                name="testVWOLogin"
                time="0.004"
                classname="org.example.actions.DDTVWO.VwoLoginAPIDDT">
            </testcase>
            <testcase
                name="testVWOLogin"
                time="0.002"
                classname="org.example.actions.DDTVWO.VwoLoginAPIDDT">
            </testcase>
            <testcase
                name="testVWOLogin"
                time="0.003"
                classname="org.example.actions.DDTVWO.VwoLoginAPIDDT">
            </testcase>
            <testcase
                name="testVWOLogin"
                time="0.002"
                classname="org.example.actions.DDTVWO.VwoLoginAPIDDT">
            </testcase>
            <testcase
                name="testVWOLogin"
                time="0.022"
                classname="org.example.actions.DDTVWO.VwoLoginAPIDDT">
            </testcase>
            <testcase
                name="testVWOLogin"
                time="0.001"
                classname="org.example.actions.DDTVWO.VwoLoginAPIDDT">
            </testcase>
            <testcase
                name="testVWOLogin"
                time="0.001"
                classname="org.example.actions.DDTVWO.VwoLoginAPIDDT">
            </testcase>
            <testcase
                name="testVWOLogin"
                time="0.002"
                classname="org.example.actions.DDTVWO.VwoLoginAPIDDT">
            </testcase>
            <testcase
                name="testVWOLogin"
                time="0.006"
                classname="org.example.actions.DDTVWO.VwoLoginAPIDDT">
            </testcase>
            <testcase
                name="testVWOLogin"
                time="0.002"
                classname="org.example.actions.DDTVWO.VwoLoginAPIDDT">
            </testcase>
            <testcase
                name="testVWOLogin"
                time="0.002"
                classname="org.example.actions.DDTVWO.VwoLoginAPIDDT">
            </testcase>
            <testcase
                name="testVWOLogin"
                time="0.002"
                classname="org.example.actions.DDTVWO.VwoLoginAPIDDT">
            </testcase>
            <testcase
                name="testVWOLogin"
                time="0.001"
                classname="org.example.actions.DDTVWO.VwoLoginAPIDDT">
            </testcase>
            <testcase
                name="testVWOLogin"
                time="0.003"
                classname="org.example.actions.DDTVWO.VwoLoginAPIDDT">
            </testcase>
            <testcase
                name="testVWOLogin"
                time="0.002"
                classname="org.example.actions.DDTVWO.VwoLoginAPIDDT">
            </testcase>
            <testcase
                name="testVWOLogin"
                time="0.002"
                classname="org.example.actions.DDTVWO.VwoLoginAPIDDT">
            </testcase>
            <testcase
                name="testVWOLogin"
                time="0.002"
                classname="org.example.actions.DDTVWO.VwoLoginAPIDDT">
            </testcase>
            <testcase
                name="testVWOLogin"
                time="0.002"
                classname="org.example.actions.DDTVWO.VwoLoginAPIDDT">
            </testcase>
            <testcase
                name="testVWOLogin"
                time="0.002"
                classname="org.example.actions.DDTVWO.VwoLoginAPIDDT">
            </testcase>
            <testcase
                name="testVWOLogin"
                time="0.003"
                classname="org.example.actions.DDTVWO.VwoLoginAPIDDT">
            </testcase>
            <testcase
                name="testVWOLogin"
                time="0.002"
                classname="org.example.actions.DDTVWO.VwoLoginAPIDDT">
            </testcase>
            <testcase
                name="testVWOLogin"
                time="0.002"
                classname="org.example.actions.DDTVWO.VwoLoginAPIDDT">
            </testcase>
            <testcase
                name="testVWOLogin"
                time="0.003"
                classname="org.example.actions.DDTVWO.VwoLoginAPIDDT">
            </testcase>
            <testcase
                name="testVWOLogin"
                time="0.002"
                classname="org.example.actions.DDTVWO.VwoLoginAPIDDT">
            </testcase>
            <testcase
                name="testVWOLogin"
                time="0.001"
                classname="org.example.actions.DDTVWO.VwoLoginAPIDDT">
            </testcase>
            <testcase
                name="testVWOLogin"
                time="0.001"
                classname="org.example.actions.DDTVWO.VwoLoginAPIDDT">
            </testcase>
            <testcase
                name="testVWOLogin"
                time="0.002"
                classname="org.example.actions.DDTVWO.VwoLoginAPIDDT">
            </testcase>
            <testcase
                name="testVWOLogin"
                time="0.002"
                classname="org.example.actions.DDTVWO.VwoLoginAPIDDT">
            </testcase>
            <testcase
                name="testVWOLogin"
                time="0.002"
                classname="org.example.actions.DDTVWO.VwoLoginAPIDDT">
            </testcase>
            <testcase
                name="testVWOLogin"
                time="0.002"
                classname="org.example.actions.DDTVWO.VwoLoginAPIDDT">
            </testcase>
            <testcase
                name="testVWOLogin"
                time="0.002"
                classname="org.example.actions.DDTVWO.VwoLoginAPIDDT">
            </testcase>
            <testcase
                name="testVWOLogin"
                time="0.002"
                classname="org.example.actions.DDTVWO.VwoLoginAPIDDT">
            </testcase>
            <testcase
                name="testVWOLogin"
                time="0.002"
                classname="org.example.actions.DDTVWO.VwoLoginAPIDDT">
            </testcase>
            <testcase
                name="testVWOLogin"
                time="0.002"
                classname="org.example.actions.DDTVWO.VwoLoginAPIDDT">
            </testcase>
            <testcase
                name="testVWOLogin"
                time="0.003"
                classname="org.example.actions.DDTVWO.VwoLoginAPIDDT">
            </testcase>
            <testcase
                name="testVWOLogin"
                time="0.002"
                classname="org.example.actions.DDTVWO.VwoLoginAPIDDT">
            </testcase>
            <testcase
                name="testVWOLogin"
                time="0.003"
                classname="org.example.actions.DDTVWO.VwoLoginAPIDDT">
            </testcase>
            <testcase
                name="testVWOLogin"
                time="0.003"
                classname="org.example.actions.DDTVWO.VwoLoginAPIDDT">
            </testcase>
            <testcase
                name="testVWOLogin"
                time="0.003"
                classname="org.example.actions.DDTVWO.VwoLoginAPIDDT">
            </testcase>
            <testcase
                name="testVWOLogin"
                time="0.003"
                classname="org.example.actions.DDTVWO.VwoLoginAPIDDT">
            </testcase>
            <testcase
                name="testVWOLogin"
                time="0.002"
                classname="org.example.actions.DDTVWO.VwoLoginAPIDDT">
            </testcase>
            <testcase
                name="testVWOLogin"
                time="0.002"
                classname="org.example.actions.DDTVWO.VwoLoginAPIDDT">
            </testcase>
            <testcase
                name="testVWOLogin"
                time="0.002"
                classname="org.example.actions.DDTVWO.VwoLoginAPIDDT">
            </testcase>
            <testcase
                name="testVWOLogin"
                time="0.002"
                classname="org.example.actions.DDTVWO.VwoLoginAPIDDT">
            </testcase>
            <testcase
                name="testVWOLogin"
                time="0.003"
                classname="org.example.actions.DDTVWO.VwoLoginAPIDDT">
            </testcase>
            <testcase
                name="testVWOLogin"
                time="0.003"
                classname="org.example.actions.DDTVWO.VwoLoginAPIDDT">
            </testcase>
            <testcase
                name="testVWOLogin"
                time="0.002"
                classname="org.example.actions.DDTVWO.VwoLoginAPIDDT">
            </testcase>
            <testcase
                name="testVWOLogin"
                time="0.002"
                classname="org.example.actions.DDTVWO.VwoLoginAPIDDT">
            </testcase>
            <testcase
                name="testVWOLogin"
                time="0.017"
                classname="org.example.actions.DDTVWO.VwoLoginAPIDDT">
            </testcase>
            <testcase
                name="testVWOLogin"
                time="0.002"
                classname="org.example.actions.DDTVWO.VwoLoginAPIDDT">
            </testcase>
            <testcase
                name="testVWOLogin"
                time="0.003"
                classname="org.example.actions.DDTVWO.VwoLoginAPIDDT">
            </testcase>
            <testcase
                name="testVWOLogin"
                time="0.002"
                classname="org.example.actions.DDTVWO.VwoLoginAPIDDT">
            </testcase>
            <testcase
                name="testVWOLogin"
                time="0.001"
                classname="org.example.actions.DDTVWO.VwoLoginAPIDDT">
            </testcase>
            <testcase
                name="testVWOLogin"
                time="0.068"
                classname="org.example.actions.DDTVWO.VwoLoginAPIDDT">
            </testcase>
            <testcase
                name="testVWOLogin"
                time="0.003"
                classname="org.example.actions.DDTVWO.VwoLoginAPIDDT">
            </testcase>
            <testcase
                name="testVWOLogin"
                time="0.002"
                classname="org.example.actions.DDTVWO.VwoLoginAPIDDT">
            </testcase>
            <testcase
                name="testVWOLogin"
                time="0.002"
                classname="org.example.actions.DDTVWO.VwoLoginAPIDDT">
            </testcase>
            <testcase
                name="testVWOLogin"
                time="0.002"
                classname="org.example.actions.DDTVWO.VwoLoginAPIDDT">
            </testcase>
            <testcase
                name="testVWOLogin"
                time="0.002"
                classname="org.example.actions.DDTVWO.VwoLoginAPIDDT">
            </testcase>
            <testcase
                name="testVWOLogin"
                time="0.002"
                classname="org.example.actions.DDTVWO.VwoLoginAPIDDT">
            </testcase>
            <testcase
                name="testVWOLogin"
                time="0.002"
                classname="org.example.actions.DDTVWO.VwoLoginAPIDDT">
            </testcase>
            <testcase
                name="testVWOLogin"
                time="0.004"
                classname="org.example.actions.DDTVWO.VwoLoginAPIDDT">
            </testcase>
            <testcase
                name="testVWOLogin"
                time="0.003"
                classname="org.example.actions.DDTVWO.VwoLoginAPIDDT">
            </testcase>
            <testcase
                name="testVWOLogin"
                time="0.001"
                classname="org.example.actions.DDTVWO.VwoLoginAPIDDT">
            </testcase>
            <testcase
                name="testVWOLogin"
                time="0.002"
                classname="org.example.actions.DDTVWO.VwoLoginAPIDDT">
            </testcase>
            <testcase
                name="testVWOLogin"
                time="0.003"
                classname="org.example.actions.DDTVWO.VwoLoginAPIDDT">
            </testcase>
            <testcase
                name="testVWOLogin"
                time="0.001"
                classname="org.example.actions.DDTVWO.VwoLoginAPIDDT">
            </testcase>
            <testcase
                name="testVWOLogin"
                time="0.002"
                classname="org.example.actions.DDTVWO.VwoLoginAPIDDT">
            </testcase>
            <testcase
                name="testVWOLogin"
                time="0.002"
                classname="org.example.actions.DDTVWO.VwoLoginAPIDDT">
            </testcase>
            <testcase
                name="testVWOLogin"
                time="0.002"
                classname="org.example.actions.DDTVWO.VwoLoginAPIDDT">
            </testcase>
            <testcase
                name="testVWOLogin"
                time="0.002"
                classname="org.example.actions.DDTVWO.VwoLoginAPIDDT">
            </testcase>
            <testcase
                name="testVWOLogin"
                time="0.002"
                classname="org.example.actions.DDTVWO.VwoLoginAPIDDT">
            </testcase>
            <testcase
                name="testVWOLogin"
                time="0.002"
                classname="org.example.actions.DDTVWO.VwoLoginAPIDDT">
            </testcase>
            <testcase
                name="testVWOLogin"
                time="0.002"
                classname="org.example.actions.DDTVWO.VwoLoginAPIDDT">
            </testcase>
            <testcase
                name="testVWOLogin"
                time="0.003"
                classname="org.example.actions.DDTVWO.VwoLoginAPIDDT">
            </testcase>
            <testcase
                name="testVWOLogin"
                time="0.002"
                classname="org.example.actions.DDTVWO.VwoLoginAPIDDT">
            </testcase>
            <testcase
                name="testVWOLogin"
                time="0.004"
                classname="org.example.actions.DDTVWO.VwoLoginAPIDDT">
            </testcase>
            <testcase
                name="testVWOLogin"
                time="0.001"
                classname="org.example.actions.DDTVWO.VwoLoginAPIDDT">
            </testcase>
            <testcase
                name="testVWOLogin"
                time="0.003"
                classname="org.example.actions.DDTVWO.VwoLoginAPIDDT">
            </testcase>
            <testcase
                name="testVWOLogin"
                time="0.002"
                classname="org.example.actions.DDTVWO.VwoLoginAPIDDT">
            </testcase>
            <testcase
                name="testVWOLogin"
                time="0.002"
                classname="org.example.actions.DDTVWO.VwoLoginAPIDDT">
            </testcase>
</testsuite>
